Holaaa
Script execution completed.
CPU usage is 10%. Installing Python dependencies and running the script.
Defaulting to user installation because normal site-packages is not writeable
Requirement already satisfied: python-dotenv in /usr/lib/python3/dist-packages (from -r /home/iliyas/Desktop/personal/projects/python/automateEC2Scaling/requirements.txt (line 1)) (0.19.2)
Requirement already satisfied: boto3 in /home/iliyas/.local/lib/python3.10/site-packages (from -r /home/iliyas/Desktop/personal/projects/python/automateEC2Scaling/requirements.txt (line 2)) (1.26.124)
Requirement already satisfied: botocore<1.30.0,>=1.29.124 in /home/iliyas/.local/lib/python3.10/site-packages (from boto3->-r /home/iliyas/Desktop/personal/projects/python/automateEC2Scaling/requirements.txt (line 2)) (1.29.124)
Requirement already satisfied: jmespath<2.0.0,>=0.7.1 in /home/iliyas/.local/lib/python3.10/site-packages (from boto3->-r /home/iliyas/Desktop/personal/projects/python/automateEC2Scaling/requirements.txt (line 2)) (1.0.1)
Requirement already satisfied: s3transfer<0.7.0,>=0.6.0 in /home/iliyas/.local/lib/python3.10/site-packages (from boto3->-r /home/iliyas/Desktop/personal/projects/python/automateEC2Scaling/requirements.txt (line 2)) (0.6.0)
Requirement already satisfied: python-dateutil<3.0.0,>=2.1 in /home/iliyas/.local/lib/python3.10/site-packages (from botocore<1.30.0,>=1.29.124->boto3->-r /home/iliyas/Desktop/personal/projects/python/automateEC2Scaling/requirements.txt (line 2)) (2.8.2)
Requirement already satisfied: urllib3<1.27,>=1.25.4 in /usr/lib/python3/dist-packages (from botocore<1.30.0,>=1.29.124->boto3->-r /home/iliyas/Desktop/personal/projects/python/automateEC2Scaling/requirements.txt (line 2)) (1.26.5)
Requirement already satisfied: six>=1.5 in /usr/lib/python3/dist-packages (from python-dateutil<3.0.0,>=2.1->botocore<1.30.0,>=1.29.124->boto3->-r /home/iliyas/Desktop/personal/projects/python/automateEC2Scaling/requirements.txt (line 2)) (1.16.0)
Holaaa
Script execution completed.
CPU usage is 10%. Installing Python dependencies and running the script.
Defaulting to user installation because normal site-packages is not writeable
Requirement already satisfied: python-dotenv in /usr/lib/python3/dist-packages (from -r /home/iliyas/Desktop/personal/projects/python/automateEC2Scaling/requirements.txt (line 1)) (0.19.2)
Requirement already satisfied: boto3 in /home/iliyas/.local/lib/python3.10/site-packages (from -r /home/iliyas/Desktop/personal/projects/python/automateEC2Scaling/requirements.txt (line 2)) (1.26.124)
Requirement already satisfied: botocore<1.30.0,>=1.29.124 in /home/iliyas/.local/lib/python3.10/site-packages (from boto3->-r /home/iliyas/Desktop/personal/projects/python/automateEC2Scaling/requirements.txt (line 2)) (1.29.124)
Requirement already satisfied: jmespath<2.0.0,>=0.7.1 in /home/iliyas/.local/lib/python3.10/site-packages (from boto3->-r /home/iliyas/Desktop/personal/projects/python/automateEC2Scaling/requirements.txt (line 2)) (1.0.1)
Requirement already satisfied: s3transfer<0.7.0,>=0.6.0 in /home/iliyas/.local/lib/python3.10/site-packages (from boto3->-r /home/iliyas/Desktop/personal/projects/python/automateEC2Scaling/requirements.txt (line 2)) (0.6.0)
Requirement already satisfied: python-dateutil<3.0.0,>=2.1 in /home/iliyas/.local/lib/python3.10/site-packages (from botocore<1.30.0,>=1.29.124->boto3->-r /home/iliyas/Desktop/personal/projects/python/automateEC2Scaling/requirements.txt (line 2)) (2.8.2)
Requirement already satisfied: urllib3<1.27,>=1.25.4 in /usr/lib/python3/dist-packages (from botocore<1.30.0,>=1.29.124->boto3->-r /home/iliyas/Desktop/personal/projects/python/automateEC2Scaling/requirements.txt (line 2)) (1.26.5)
Requirement already satisfied: six>=1.5 in /usr/lib/python3/dist-packages (from python-dateutil<3.0.0,>=2.1->botocore<1.30.0,>=1.29.124->boto3->-r /home/iliyas/Desktop/personal/projects/python/automateEC2Scaling/requirements.txt (line 2)) (1.16.0)
Holaaa
Script execution completed.
CPU usage is 10%. Installing Python dependencies and running the script.
Defaulting to user installation because normal site-packages is not writeable
Requirement already satisfied: python-dotenv in /usr/lib/python3/dist-packages (from -r /home/iliyas/Desktop/personal/projects/python/automateEC2Scaling/requirements.txt (line 1)) (0.19.2)
Requirement already satisfied: boto3 in /home/iliyas/.local/lib/python3.10/site-packages (from -r /home/iliyas/Desktop/personal/projects/python/automateEC2Scaling/requirements.txt (line 2)) (1.26.124)
Requirement already satisfied: botocore<1.30.0,>=1.29.124 in /home/iliyas/.local/lib/python3.10/site-packages (from boto3->-r /home/iliyas/Desktop/personal/projects/python/automateEC2Scaling/requirements.txt (line 2)) (1.29.124)
Requirement already satisfied: jmespath<2.0.0,>=0.7.1 in /home/iliyas/.local/lib/python3.10/site-packages (from boto3->-r /home/iliyas/Desktop/personal/projects/python/automateEC2Scaling/requirements.txt (line 2)) (1.0.1)
Requirement already satisfied: s3transfer<0.7.0,>=0.6.0 in /home/iliyas/.local/lib/python3.10/site-packages (from boto3->-r /home/iliyas/Desktop/personal/projects/python/automateEC2Scaling/requirements.txt (line 2)) (0.6.0)
Requirement already satisfied: python-dateutil<3.0.0,>=2.1 in /home/iliyas/.local/lib/python3.10/site-packages (from botocore<1.30.0,>=1.29.124->boto3->-r /home/iliyas/Desktop/personal/projects/python/automateEC2Scaling/requirements.txt (line 2)) (2.8.2)
Requirement already satisfied: urllib3<1.27,>=1.25.4 in /usr/lib/python3/dist-packages (from botocore<1.30.0,>=1.29.124->boto3->-r /home/iliyas/Desktop/personal/projects/python/automateEC2Scaling/requirements.txt (line 2)) (1.26.5)
Requirement already satisfied: six>=1.5 in /usr/lib/python3/dist-packages (from python-dateutil<3.0.0,>=2.1->botocore<1.30.0,>=1.29.124->boto3->-r /home/iliyas/Desktop/personal/projects/python/automateEC2Scaling/requirements.txt (line 2)) (1.16.0)
Holaaa
Script execution completed.
CPU usage is 10%. Installing Python dependencies and running the script.
Defaulting to user installation because normal site-packages is not writeable
Requirement already satisfied: python-dotenv in /usr/lib/python3/dist-packages (from -r /home/iliyas/Desktop/personal/projects/python/automateEC2Scaling/requirements.txt (line 1)) (0.19.2)
Requirement already satisfied: boto3 in /home/iliyas/.local/lib/python3.10/site-packages (from -r /home/iliyas/Desktop/personal/projects/python/automateEC2Scaling/requirements.txt (line 2)) (1.26.124)
Requirement already satisfied: botocore<1.30.0,>=1.29.124 in /home/iliyas/.local/lib/python3.10/site-packages (from boto3->-r /home/iliyas/Desktop/personal/projects/python/automateEC2Scaling/requirements.txt (line 2)) (1.29.124)
Requirement already satisfied: jmespath<2.0.0,>=0.7.1 in /home/iliyas/.local/lib/python3.10/site-packages (from boto3->-r /home/iliyas/Desktop/personal/projects/python/automateEC2Scaling/requirements.txt (line 2)) (1.0.1)
Requirement already satisfied: s3transfer<0.7.0,>=0.6.0 in /home/iliyas/.local/lib/python3.10/site-packages (from boto3->-r /home/iliyas/Desktop/personal/projects/python/automateEC2Scaling/requirements.txt (line 2)) (0.6.0)
Requirement already satisfied: python-dateutil<3.0.0,>=2.1 in /home/iliyas/.local/lib/python3.10/site-packages (from botocore<1.30.0,>=1.29.124->boto3->-r /home/iliyas/Desktop/personal/projects/python/automateEC2Scaling/requirements.txt (line 2)) (2.8.2)
Requirement already satisfied: urllib3<1.27,>=1.25.4 in /usr/lib/python3/dist-packages (from botocore<1.30.0,>=1.29.124->boto3->-r /home/iliyas/Desktop/personal/projects/python/automateEC2Scaling/requirements.txt (line 2)) (1.26.5)
Requirement already satisfied: six>=1.5 in /usr/lib/python3/dist-packages (from python-dateutil<3.0.0,>=2.1->botocore<1.30.0,>=1.29.124->boto3->-r /home/iliyas/Desktop/personal/projects/python/automateEC2Scaling/requirements.txt (line 2)) (1.16.0)
Holaaa
Script execution completed.
CPU usage is 10%. Installing Python dependencies and running the script.
Defaulting to user installation because normal site-packages is not writeable
Requirement already satisfied: python-dotenv in /usr/lib/python3/dist-packages (from -r /home/iliyas/Desktop/personal/projects/python/automateEC2Scaling/requirements.txt (line 1)) (0.19.2)
Requirement already satisfied: boto3 in /home/iliyas/.local/lib/python3.10/site-packages (from -r /home/iliyas/Desktop/personal/projects/python/automateEC2Scaling/requirements.txt (line 2)) (1.26.124)
Requirement already satisfied: botocore<1.30.0,>=1.29.124 in /home/iliyas/.local/lib/python3.10/site-packages (from boto3->-r /home/iliyas/Desktop/personal/projects/python/automateEC2Scaling/requirements.txt (line 2)) (1.29.124)
Requirement already satisfied: jmespath<2.0.0,>=0.7.1 in /home/iliyas/.local/lib/python3.10/site-packages (from boto3->-r /home/iliyas/Desktop/personal/projects/python/automateEC2Scaling/requirements.txt (line 2)) (1.0.1)
Requirement already satisfied: s3transfer<0.7.0,>=0.6.0 in /home/iliyas/.local/lib/python3.10/site-packages (from boto3->-r /home/iliyas/Desktop/personal/projects/python/automateEC2Scaling/requirements.txt (line 2)) (0.6.0)
Requirement already satisfied: python-dateutil<3.0.0,>=2.1 in /home/iliyas/.local/lib/python3.10/site-packages (from botocore<1.30.0,>=1.29.124->boto3->-r /home/iliyas/Desktop/personal/projects/python/automateEC2Scaling/requirements.txt (line 2)) (2.8.2)
Requirement already satisfied: urllib3<1.27,>=1.25.4 in /usr/lib/python3/dist-packages (from botocore<1.30.0,>=1.29.124->boto3->-r /home/iliyas/Desktop/personal/projects/python/automateEC2Scaling/requirements.txt (line 2)) (1.26.5)
Requirement already satisfied: six>=1.5 in /usr/lib/python3/dist-packages (from python-dateutil<3.0.0,>=2.1->botocore<1.30.0,>=1.29.124->boto3->-r /home/iliyas/Desktop/personal/projects/python/automateEC2Scaling/requirements.txt (line 2)) (1.16.0)
Holaaa
Script execution completed.
CPU usage is 10%. Installing Python dependencies and running the script.
Defaulting to user installation because normal site-packages is not writeable
Requirement already satisfied: python-dotenv in /usr/lib/python3/dist-packages (from -r /home/iliyas/Desktop/personal/projects/python/automateEC2Scaling/requirements.txt (line 1)) (0.19.2)
Requirement already satisfied: boto3 in /home/iliyas/.local/lib/python3.10/site-packages (from -r /home/iliyas/Desktop/personal/projects/python/automateEC2Scaling/requirements.txt (line 2)) (1.26.124)
Requirement already satisfied: botocore<1.30.0,>=1.29.124 in /home/iliyas/.local/lib/python3.10/site-packages (from boto3->-r /home/iliyas/Desktop/personal/projects/python/automateEC2Scaling/requirements.txt (line 2)) (1.29.124)
Requirement already satisfied: jmespath<2.0.0,>=0.7.1 in /home/iliyas/.local/lib/python3.10/site-packages (from boto3->-r /home/iliyas/Desktop/personal/projects/python/automateEC2Scaling/requirements.txt (line 2)) (1.0.1)
Requirement already satisfied: s3transfer<0.7.0,>=0.6.0 in /home/iliyas/.local/lib/python3.10/site-packages (from boto3->-r /home/iliyas/Desktop/personal/projects/python/automateEC2Scaling/requirements.txt (line 2)) (0.6.0)
Requirement already satisfied: python-dateutil<3.0.0,>=2.1 in /home/iliyas/.local/lib/python3.10/site-packages (from botocore<1.30.0,>=1.29.124->boto3->-r /home/iliyas/Desktop/personal/projects/python/automateEC2Scaling/requirements.txt (line 2)) (2.8.2)
Requirement already satisfied: urllib3<1.27,>=1.25.4 in /usr/lib/python3/dist-packages (from botocore<1.30.0,>=1.29.124->boto3->-r /home/iliyas/Desktop/personal/projects/python/automateEC2Scaling/requirements.txt (line 2)) (1.26.5)
Requirement already satisfied: six>=1.5 in /usr/lib/python3/dist-packages (from python-dateutil<3.0.0,>=2.1->botocore<1.30.0,>=1.29.124->boto3->-r /home/iliyas/Desktop/personal/projects/python/automateEC2Scaling/requirements.txt (line 2)) (1.16.0)
Holaaa
Script execution completed.
CPU usage is 10%. Installing Python dependencies and running the script.
Defaulting to user installation because normal site-packages is not writeable
Requirement already satisfied: python-dotenv in /usr/lib/python3/dist-packages (from -r /home/iliyas/Desktop/personal/projects/python/automateEC2Scaling/requirements.txt (line 1)) (0.19.2)
Requirement already satisfied: boto3 in /home/iliyas/.local/lib/python3.10/site-packages (from -r /home/iliyas/Desktop/personal/projects/python/automateEC2Scaling/requirements.txt (line 2)) (1.26.124)
Requirement already satisfied: botocore<1.30.0,>=1.29.124 in /home/iliyas/.local/lib/python3.10/site-packages (from boto3->-r /home/iliyas/Desktop/personal/projects/python/automateEC2Scaling/requirements.txt (line 2)) (1.29.124)
Requirement already satisfied: jmespath<2.0.0,>=0.7.1 in /home/iliyas/.local/lib/python3.10/site-packages (from boto3->-r /home/iliyas/Desktop/personal/projects/python/automateEC2Scaling/requirements.txt (line 2)) (1.0.1)
Requirement already satisfied: s3transfer<0.7.0,>=0.6.0 in /home/iliyas/.local/lib/python3.10/site-packages (from boto3->-r /home/iliyas/Desktop/personal/projects/python/automateEC2Scaling/requirements.txt (line 2)) (0.6.0)
Requirement already satisfied: python-dateutil<3.0.0,>=2.1 in /home/iliyas/.local/lib/python3.10/site-packages (from botocore<1.30.0,>=1.29.124->boto3->-r /home/iliyas/Desktop/personal/projects/python/automateEC2Scaling/requirements.txt (line 2)) (2.8.2)
Requirement already satisfied: urllib3<1.27,>=1.25.4 in /usr/lib/python3/dist-packages (from botocore<1.30.0,>=1.29.124->boto3->-r /home/iliyas/Desktop/personal/projects/python/automateEC2Scaling/requirements.txt (line 2)) (1.26.5)
Requirement already satisfied: six>=1.5 in /usr/lib/python3/dist-packages (from python-dateutil<3.0.0,>=2.1->botocore<1.30.0,>=1.29.124->boto3->-r /home/iliyas/Desktop/personal/projects/python/automateEC2Scaling/requirements.txt (line 2)) (1.16.0)
Holaaa
Script execution completed.
CPU usage is below 90%. No action taken.
CPU usage is below 90%. No action taken.
CPU usage is below 90%. No action taken.
CPU usage is below 90%. No action taken.
CPU usage is below 90%. No action taken.
CPU usage is below 90%. No action taken.
